<?xml version="1.0" encoding="UTF-8"?>
<!-- Generated by org.testng.reporters.JUnitReportReporter -->
<testsuite hostname="LAPTOP-FF0GEORH" failures="0" tests="2" name="test.TestNg1" time="46.532" errors="0" timestamp="2024-02-21T11:05:41 IST" skipped="1">
  <testcase classname="test.TestNg1" name="verifyurl" time="0.000">
    <skipped/>
  </testcase> <!-- verifyurl -->
  <testcase classname="test.TestNg1" name="verifyurl" time="46.532"/>
</testsuite> <!-- test.TestNg1 -->
